<?xml version="1.0" encoding="UTF-8"?>
<!-- Generated by org.testng.reporters.JUnitReportReporter -->
<testsuite hostname="DESKTOP-LEU7772" failures="1" tests="2" name="TestRunner.Runner" time="51.800" errors="0" timestamp="2022-12-22T20:52:13 IST" skipped="0">
  <testcase classname="TestRunner.Runner" name="runScenario" time="26.698"/>
  <system-out/>
  <testcase classname="TestRunner.Runner" name="runScenario" time="25.102">
    <failure type="java.lang.AssertionError">
      <![CDATA[java.lang.AssertionError
at org.junit.Assert.fail(Assert.java:86)
at org.junit.Assert.assertTrue(Assert.java:41)
at org.junit.Assert.assertTrue(Assert.java:52)
at StepDefination.Steps.user_should_found_name_in_the_search_table(Steps.java:314)
at âœ½.User should found Name in the Search Table(file:///C:/Users/admin/eclipse-workspace/cucumber/CucumberFramework/./Features/Customers.feature:43)
]]>
    </failure>
  </testcase> <!-- runScenario -->
  <system-out/>
</testsuite> <!-- TestRunner.Runner -->
